[23/Jan/2012 18:49:53] "GET /home/ HTTP/1.1" 200 3775
[23/Jan/2012 18:49:55] "GET /viewyourshelf/?u=1 HTTP/1.1" 200 1964
[23/Jan/2012 18:49:55] "GET /mymedia/css/view_shelf.css HTTP/1.1" 304 0
[23/Jan/2012 18:49:57] "GET /apply_promo/?u=1 HTTP/1.1" 200 2909
[23/Jan/2012 18:49:59] "GET /statsplot/ HTTP/1.1" 200 6482
[23/Jan/2012 18:50:01] "GET /home/ HTTP/1.1" 200 3775
[23/Jan/2012 18:50:20] "GET /shelfit?u=http%3A%2F%2F69.120.105.217%3A8000%2Fhome%2F&t=1 HTTP/1.1" 301 0
[23/Jan/2012 18:50:20] "GET /shelfit/?u=http%3A%2F%2F69.120.105.217%3A8000%2Fhome%2F&t=1 HTTP/1.1" 200 297
[23/Jan/2012 18:50:25] "GET /viewyourshelf/?u=1 HTTP/1.1" 200 1964
[23/Jan/2012 18:50:49] "GET /shelfit?u=http%3A%2F%2Fwww.express.com%2F1mx-modern-fit-shirt-1-49%2Findex.pro&t=1 HTTP/1.1" 301 0
[23/Jan/2012 18:50:49] "GET /shelfit/?u=http%3A%2F%2Fwww.express.com%2F1mx-modern-fit-shirt-1-49%2Findex.pro&t=1 HTTP/1.1" 200 143
[23/Jan/2012 18:51:10] "GET /shelfit?u=http%3A%2F%2Fwww.express.com%2F1mx-extra-slim-fit-stretch-cotton-shirt-36550-800%2Fcontrol%2Fshow%2F3%2Findex.pro&t=1 HTTP/1.1" 301 0
[23/Jan/2012 18:51:11] "GET /shelfit/?u=http%3A%2F%2Fwww.express.com%2F1mx-extra-slim-fit-stretch-cotton-shirt-36550-800%2Fcontrol%2Fshow%2F3%2Findex.pro&t=1 HTTP/1.1" 200 2108
[23/Jan/2012 18:51:40] "GET /viewyourshelf/?u=1 HTTP/1.1" 200 2710
[23/Jan/2012 18:51:44] "GET /viewyourshelf/?u=1 HTTP/1.1" 200 2710
[23/Jan/2012 18:51:46] "GET /apply_promo/?u=1 HTTP/1.1" 200 3013
[23/Jan/2012 18:51:51] "GET /statsplot/ HTTP/1.1" 200 6482
[23/Jan/2012 18:51:53] "GET /home/ HTTP/1.1" 200 3775
[23/Jan/2012 18:51:54] "GET /viewyourshelf/?u=1 HTTP/1.1" 200 2710
[23/Jan/2012 18:51:59] "GET /viewyourshelf/?u=2 HTTP/1.1" 500 69704
[23/Jan/2012 18:52:04] "GET /viewyourshelf/?u=1 HTTP/1.1" 200 2710
[23/Jan/2012 18:57:00] "GET /viewyourshelf/?u=1 HTTP/1.1" 200 2710
[23/Jan/2012 18:58:16] "GET /home HTTP/1.1" 200 3775
[23/Jan/2012 18:58:16] "GET /mymedia/css/site_base.css HTTP/1.1" 304 0
[23/Jan/2012 18:58:20] "GET /viewyourshelf/?u=2 HTTP/1.1" 200 1964
[23/Jan/2012 18:58:20] "GET /mymedia/css/view_shelf.css HTTP/1.1" 304 0
[23/Jan/2012 18:58:22] "GET /apply_promo/?u=2 HTTP/1.1" 200 2909
[23/Jan/2012 18:58:23] "GET /statsplot/ HTTP/1.1" 200 6482
[23/Jan/2012 18:58:25] "GET /home/ HTTP/1.1" 200 3775
[23/Jan/2012 18:58:36] "GET /shelfit?u=http%3A%2F%2F69.120.105.217%3A8000%2Fhome%2F&t=2 HTTP/1.1" 301 0
[23/Jan/2012 18:58:36] "GET /shelfit/?u=http%3A%2F%2F69.120.105.217%3A8000%2Fhome%2F&t=2 HTTP/1.1" 200 297
[23/Jan/2012 18:58:39] "GET /viewyourshelf/?u=2 HTTP/1.1" 200 1964
[23/Jan/2012 19:05:26] "GET /home HTTP/1.1" 200 3775
[23/Jan/2012 19:05:26] "GET /mymedia/css/site_base.css HTTP/1.1" 304 0
[23/Jan/2012 20:02:09] "GET /home HTTP/1.1" 200 3775
[23/Jan/2012 20:02:09] "GET /mymedia/css/site_base.css HTTP/1.1" 304 0
[23/Jan/2012 20:02:13] "GET /home HTTP/1.1" 200 3775
[23/Jan/2012 20:02:14] "GET /mymedia/css/site_base.css HTTP/1.1" 304 0
[23/Jan/2012 20:02:49] "GET /home HTTP/1.1" 200 3775
[23/Jan/2012 20:02:55] "GET /viewyourshelf/?u=2 HTTP/1.1" 200 1964
[23/Jan/2012 20:02:56] "GET /mymedia/css/view_shelf.css HTTP/1.1" 200 1364
[23/Jan/2012 20:03:34] "GET /home/ HTTP/1.1" 200 3775
[23/Jan/2012 20:03:51] "GET /shelfit?u=http%3A%2F%2Fwww.express.com%2Fclassic-fit-straight-leg-kingston-jean-40657-62%2Frefine%2FFit%2FClassic----Kingston%2FLeg%2BShape%2FStraight%2Fcontrol%2Fshow%2F3%2Findex.pro&t=2 HTTP/1.1" 301 0
[23/Jan/2012 20:03:52] "GET /shelfit/?u=http%3A%2F%2Fwww.express.com%2Fclassic-fit-straight-leg-kingston-jean-40657-62%2Frefine%2FFit%2FClassic----Kingston%2FLeg%2BShape%2FStraight%2Fcontrol%2Fshow%2F3%2Findex.pro&t=2 HTTP/1.1" 200 2107
[23/Jan/2012 20:04:04] "GET /viewyourshelf/detail/?u=2&s=Express HTTP/1.1" 200 2056
[23/Jan/2012 20:04:58] "GET /view_promo/ HTTP/1.1" 200 3075
[23/Jan/2012 20:05:16] "GET /statsplot/ HTTP/1.1" 200 6482
[23/Jan/2012 20:05:26] "GET /home/ HTTP/1.1" 200 3775
[23/Jan/2012 20:05:31] "GET /home/ HTTP/1.1" 200 3775
[23/Jan/2012 20:05:33] "GET /apply_promo/?u=2 HTTP/1.1" 200 3013
[23/Jan/2012 20:05:41] "GET /viewyourshelf/?u=2 HTTP/1.1" 200 2707
[23/Jan/2012 20:07:21] "GET /home/ HTTP/1.1" 200 3775
[23/Jan/2012 20:07:21] "GET /mymedia/css/site_base.css HTTP/1.1" 304 0
[23/Jan/2012 20:07:23] "GET /home/ HTTP/1.1" 200 3775
[23/Jan/2012 20:07:36] "GET / HTTP/1.1" 404 3700
[23/Jan/2012 20:07:57] "GET /home/ HTTP/1.1" 200 3775
[23/Jan/2012 20:07:57] "GET /mymedia/css/site_base.css HTTP/1.1" 200 1690
[23/Jan/2012 20:08:03] "GET /viewyourshelf/?u=2 HTTP/1.1" 200 2707
[23/Jan/2012 20:08:04] "GET /mymedia/css/view_shelf.css HTTP/1.1" 200 1364
[23/Jan/2012 20:08:09] "GET /statsplot/ HTTP/1.1" 200 6482
[23/Jan/2012 20:08:17] "GET /apply_promo/?u=2 HTTP/1.1" 200 3013
[23/Jan/2012 20:08:21] "GET /viewyourshelf/?u=2 HTTP/1.1" 200 2707
[23/Jan/2012 20:08:22] "GET /home/ HTTP/1.1" 200 3775
[23/Jan/2012 20:08:25] "GET /viewyourshelf/?u=2 HTTP/1.1" 200 2707
[23/Jan/2012 20:08:27] "GET /viewyourshelf_cat/?u=2 HTTP/1.1" 200 1987
[23/Jan/2012 20:08:47] "GET /shelfit?u=http%3A%2F%2Fwww.jcrew.com%2Fmens_category%2Fouterwear%2Fwool%2FPRDOVR~87195%2F87195.jsp&t=2 HTTP/1.1" 301 0
Validating models...
0 errors found

Django version 1.2.5, using settings 'tutorial.settings'
Development server is running at http://192.168.1.104:8000/
Quit the server with CONTROL-C.
192.168.1.1
Hello
Express
{}
J.Crew
{'Express': [], 'J.Crew': []}
Apply_promo: We have 0 items in Express shelf.
Total combination: 0
Apply_promo: We have 0 items in J.Crew shelf.
Total combination: 0
192.168.1.1
192.168.1.1
4
[]
[]
Hello
Express
{}
J.Crew
{'Express': [], 'J.Crew': []}
3
[u'1mx', u'modern', u'fit', u'shirt', u'1', u'49']
3
[u'1mx', u'extra', u'slim', u'fit', u'stretch', u'cotton', u'shirt', u'36550', u'800']
1 36550
Hello
Express
{'Express': [<WishlistI: 1 36550 1MX EXTRA SLIM FIT STRETCH COTTON SHIRT>]}
J.Crew
{'Express': [<WishlistI: 1 36550 1MX EXTRA SLIM FIT STRETCH COTTON SHIRT>], 'J.Crew': []}
Hello
Express
{'Express': [<WishlistI: 1 36550 1MX EXTRA SLIM FIT STRETCH COTTON SHIRT>]}
J.Crew
{'Express': [<WishlistI: 1 36550 1MX EXTRA SLIM FIT STRETCH COTTON SHIRT>], 'J.Crew': []}
Apply_promo: We have 1 items in Express shelf.
Total combination: 1
{'category': 'Deals & Steals', 'name': '1MX EXTRA SLIM FIT STRETCH COTTON SHIRT', 'price': 59.9, 'item_idx': 36550, 'sale_price': 59.9, 'store': 'Express'}
Great, found the result! Using it here.
RESULT:: 1 Express 59.9 59.9 0.0
Apply_promo: We have 0 items in J.Crew shelf.
Total combination: 0
192.168.1.1
192.168.1.1
Hello
Express
{'Express': [<WishlistI: 1 36550 1MX EXTRA SLIM FIT STRETCH COTTON SHIRT>]}
J.Crew
{'Express': [<WishlistI: 1 36550 1MX EXTRA SLIM FIT STRETCH COTTON SHIRT>], 'J.Crew': []}
Hello
Express
Hello
Express
{'Express': [<WishlistI: 1 36550 1MX EXTRA SLIM FIT STRETCH COTTON SHIRT>]}
J.Crew
{'Express': [<WishlistI: 1 36550 1MX EXTRA SLIM FIT STRETCH COTTON SHIRT>], 'J.Crew': []}
Hello
Express
{'Express': [<WishlistI: 1 36550 1MX EXTRA SLIM FIT STRETCH COTTON SHIRT>]}
J.Crew
{'Express': [<WishlistI: 1 36550 1MX EXTRA SLIM FIT STRETCH COTTON SHIRT>], 'J.Crew': []}
67.87.30.56
Hello
Express
{}
J.Crew
{'Express': [], 'J.Crew': []}
Apply_promo: We have 0 items in Express shelf.
Total combination: 0
Apply_promo: We have 0 items in J.Crew shelf.
Total combination: 0
67.87.30.56
67.87.30.56
4
[]
[]
Hello
Express
{}
J.Crew
{'Express': [], 'J.Crew': []}
67.87.30.56
67.87.30.56
67.87.30.56
67.87.30.56
Hello
Express
{}
J.Crew
{'Express': [], 'J.Crew': []}
67.87.30.56
3
[u'classic', u'fit', u'straight', u'leg', u'kingston', u'jean', u'40657', u'62']
2 40657
67.87.30.56
67.87.30.56
67.87.30.56
Apply_promo: We have 1 items in Express shelf.
Total combination: 1
{'category': 'Jeans', 'name': 'CLASSIC FIT STRAIGHT LEG KINGSTON JEAN', 'price': 88.0, 'item_idx': 40657, 'sale_price': 88.0, 'store': 'Express'}
No, didn't find result for list 1 in cache, so storing it
RESULT:: 1 Express 88.0 88.0 0.0
Apply_promo: We have 0 items in J.Crew shelf.
Total combination: 0
Hello
Express
{'Express': [<WishlistI: 2 40657 CLASSIC FIT STRAIGHT LEG KINGSTON JEAN>]}
J.Crew
{'Express': [<WishlistI: 2 40657 CLASSIC FIT STRAIGHT LEG KINGSTON JEAN>], 'J.Crew': []}
67.87.30.56
67.87.30.56
67.87.30.56
Hello
Express
{'Express': [<WishlistI: 2 40657 CLASSIC FIT STRAIGHT LEG KINGSTON JEAN>]}
J.Crew
{'Express': [<WishlistI: 2 40657 CLASSIC FIT STRAIGHT LEG KINGSTON JEAN>], 'J.Crew': []}
67.87.30.56
Apply_promo: We have 1 items in Express shelf.
Total combination: 1
{'category': 'Jeans', 'name': 'CLASSIC FIT STRAIGHT LEG KINGSTON JEAN', 'price': 88.0, 'item_idx': 40657, 'sale_price': 88.0, 'store': 'Express'}
Great, found the result! Using it here.
RESULT:: 1 Express 88.0 88.0 0.0
Apply_promo: We have 0 items in J.Crew shelf.
Total combination: 0
Hello
Express
{'Express': [<WishlistI: 2 40657 CLASSIC FIT STRAIGHT LEG KINGSTON JEAN>]}
J.Crew
{'Express': [<WishlistI: 2 40657 CLASSIC FIT STRAIGHT LEG KINGSTON JEAN>], 'J.Crew': []}
67.87.30.56
Hello
Express
{'Express': [<WishlistI: 2 40657 CLASSIC FIT STRAIGHT LEG KINGSTON JEAN>]}
J.Crew
{'Express': [<WishlistI: 2 40657 CLASSIC FIT STRAIGHT LEG KINGSTON JEAN>], 'J.Crew': []}
{'Jean': [<WishlistI: 2 40657 CLASSIC FIT STRAIGHT LEG KINGSTON JEAN>]}
3
[u'mens_[23/Jan/2012 20:08:47] "GET /shelfit/?u=http%3A%2F%2Fwww.jcrew.com%2Fmens_category%2Fouterwear%2Fwool%2FPRDOVR~87195%2F87195.jsp&t=2 HTTP/1.1" 200 2213
[23/Jan/2012 20:08:54] "GET /viewyourshelf/?u=2 HTTP/1.1" 200 2986
[23/Jan/2012 20:09:00] "GET /apply_promo/?u=2 HTTP/1.1" 200 3122
[23/Jan/2012 20:09:04] "GET /statsplot/ HTTP/1.1" 200 6482
[23/Jan/2012 20:09:05] "GET /apply_promo/?u=2 HTTP/1.1" 200 3122
[23/Jan/2012 20:09:06] "GET /viewyourshelf/?u=2 HTTP/1.1" 200 2986
[23/Jan/2012 20:09:07] "GET /viewyourshelf/?u=2 HTTP/1.1" 200 2986
[23/Jan/2012 20:09:08] "GET /statsplot/ HTTP/1.1" 200 6482
[23/Jan/2012 20:09:09] "GET /home/ HTTP/1.1" 200 3775
[23/Jan/2012 20:12:07] "GET /home/ HTTP/1.1" 200 3775
[23/Jan/2012 20:12:07] "GET /mymedia/css/site_base.css HTTP/1.1" 200 1690
[23/Jan/2012 20:13:00] "GET /home HTTP/1.1" 200 3775
[23/Jan/2012 20:13:31] "GET /home HTTP/1.1" 200 3775
[23/Jan/2012 20:13:55] "GET /home/ HTTP/1.0" 200 3775
[23/Jan/2012 20:14:25] "GET /home/ HTTP/1.1" 200 3775
[23/Jan/2012 20:17:07] "GET /viewyourshelf/?u=2 HTTP/1.1" 200 2986
[23/Jan/2012 20:17:07] "GET /mymedia/css/view_shelf.css HTTP/1.1" 304 0
[23/Jan/2012 20:17:11] "GET /apply_promo/?u=2 HTTP/1.1" 200 3122
[23/Jan/2012 20:17:12] "GET /statsplot/ HTTP/1.1" 200 6482
[23/Jan/2012 20:17:19] "GET /home/ HTTP/1.1" 200 3775
[23/Jan/2012 20:17:21] "GET /statsplot/ HTTP/1.1" 200 6482
[23/Jan/2012 20:17:22] "GET /apply_promo/?u=1 HTTP/1.1" 200 3013
[23/Jan/2012 20:17:23] "GET /viewyourshelf/?u=1 HTTP/1.1" 200 2710
[23/Jan/2012 20:17:26] "GET /viewyourshelf/?u=1 HTTP/1.1" 200 2710
[23/Jan/2012 20:17:29] "GET /viewyourshelf/?u=1 HTTP/1.1" 200 2710
category']
[u'outerwear']
[u'wool']
[u'PRDOVR', u'87195']
2 87195
Hello
Express
{'Express': [<WishlistI: 2 40657 CLASSIC FIT STRAIGHT LEG KINGSTON JEAN>]}
J.Crew
{'Express': [<WishlistI: 2 40657 CLASSIC FIT STRAIGHT LEG KINGSTON JEAN>], 'J.Crew': [<WishlistI: 2 87195 Authentic Bayswater peacoat>]}
Apply_promo: We have 1 items in Express shelf.
Total combination: 1
{'category': 'Jeans', 'name': 'CLASSIC FIT STRAIGHT LEG KINGSTON JEAN', 'price': 88.0, 'item_idx': 40657, 'sale_price': 88.0, 'store': 'Express'}
Great, found the result! Using it here.
RESULT:: 1 Express 88.0 88.0 0.0
Apply_promo: We have 1 items in J.Crew shelf.
Total combination: 1
{'category': 'mens_category', 'name': 'Authentic Bayswater peacoat', 'price': 255.0, 'item_idx': 87195, 'sale_price': 199.99, 'store': 'J.Crew'}
No, didn't find result for list 1 in cache, so storing it
RESULT:: 1 J.Crew 255.0 199.99 55.01
67.87.30.56
Apply_promo: We have 1 items in Express shelf.
Total combination: 1
{'category': 'Jeans', 'name': 'CLASSIC FIT STRAIGHT LEG KINGSTON JEAN', 'price': 88.0, 'item_idx': 40657, 'sale_price': 88.0, 'store': 'Express'}
Great, found the result! Using it here.
RESULT:: 1 Express 88.0 88.0 0.0
Apply_promo: We have 1 items in J.Crew shelf.
Total combination: 1
{'category': 'mens_category', 'name': 'Authentic Bayswater peacoat', 'price': 255.0, 'item_idx': 87195, 'sale_price': 199.99, 'store': 'J.Crew'}
Great, found the result! Using it here.
RESULT:: 1 J.Crew 255.0 199.99 55.01
Hello
Express
{'Express': [<WishlistI: 2 40657 CLASSIC FIT STRAIGHT LEG KINGSTON JEAN>]}
J.Crew
{'Express': [<WishlistI: 2 40657 CLASSIC FIT STRAIGHT LEG KINGSTON JEAN>], 'J.Crew': [<WishlistI: 2 87195 Authentic Bayswater peacoat>]}
Hello
Express
{'Express': [<WishlistI: 2 40657 CLASSIC FIT STRAIGHT LEG KINGSTON JEAN>]}
J.Crew
{'Express': [<WishlistI: 2 40657 CLASSIC FIT STRAIGHT LEG KINGSTON JEAN>], 'J.Crew': [<WishlistI: 2 87195 Authentic Bayswater peacoat>]}
67.87.30.56
67.87.30.56
192.168.1.1
139.19.150.50
139.19.150.50
165.230.132.106
192.168.1.1
Hello
Express
{'Express': [<WishlistI: 2 40657 CLASSIC FIT STRAIGHT LEG KINGSTON JEAN>]}
J.Crew
{'Express': [<WishlistI: 2 40657 CLASSIC FIT STRAIGHT LEG KINGSTON JEAN>], 'J.Crew': [<WishlistI: 2 87195 Authentic Bayswater peacoat>]}
Apply_promo: We have 1 items in Express shelf.
Total combination: 1
{'category': 'Jeans', 'name': 'CLASSIC FIT STRAIGHT LEG KINGSTON JEAN', 'price': 88.0, 'item_idx': 40657, 'sale_price': 88.0, 'store': 'Express'}
Great, found the result! Using it here.
RESULT:: 1 Express 88.0 88.0 0.0
Apply_promo: We have 1 items in J.Crew shelf.
Total combination: 1
{'category': 'mens_category', 'name': 'Authentic Bayswater peacoat', 'price': 255.0, 'item_idx': 87195, 'sale_price': 199.99, 'store': 'J.Crew'}
Great, found the result! Using it here.
RESULT:: 1 J.Crew 255.0 199.99 55.01
192.168.1.1
192.168.1.1
192.168.1.1
Apply_promo: We have 1 items in Express shelf.
Total combination: 1
{'category': 'Deals & Steals', 'name': '1MX EXTRA SLIM FIT STRETCH COTTON SHIRT', 'price': 59.9, 'item_idx': 36550, 'sale_price': 59.9, 'store': 'Express'}
Great, found the result! Using it here.
RESULT:: 1 Express 59.9 59.9 0.0
Apply_promo: We have 0 items in J.Crew shelf.
Total combination: 0
Hello
Express
{'Express': [<WishlistI: 1 36550 1MX EXTRA SLIM FIT STRETCH COTTON SHIRT>]}
J.Crew
{'Express': [<WishlistI: 1 36550 1MX EXTRA SLIM FIT STRETCH COTTON SHIRT>], 'J.Crew': []}
Hello
Express
{'Express': [<WishlistI: 1 36550 1MX EXTRA SLIM FIT STRETCH COTTON SHIRT>]}
J.Crew
{'Express': [<WishlistI: 1 36550 1MX EXTRA SLIM FIT STRETCH COTTON SHIRT>], 'J.Crew': []}
Hello
Express
{'Express': [<WishlistI: 1 36550 1MX EXTRA SLIM FIT STRETCH COTTON SHIRT>]}
J.Crew
{'Express': [<WishlistI: 1 36550 1MX EXTRA SLIM FIT STRETCH COTTON SHIRT>], 'J.Crew': []}
Apply_promo: We have 1 items in Express shelf.
Total combination: 1
{'category': 'Deals & Steals', 'name': '1MX EXTRA SLIM FIT STRETCH COTTON SHIRT', 'price': 59.9, 'item_idx': 36550, 'sale_price': 59.9, 'store': 'Express'}
Great, found the result! Using it here.
RESULT:: 1 Express 59.9[23/Jan/2012 20:17:31] "GET /apply_promo/?u=1 HTTP/1.1" 200 3013
[23/Jan/2012 20:17:33] "GET /statsplot/ HTTP/1.1" 200 6482
[23/Jan/2012 20:17:35] "GET /home/ HTTP/1.1" 200 3775
[23/Jan/2012 20:17:37] "GET /home/ HTTP/1.1" 200 3775
[23/Jan/2012 20:17:37] "GET /mymedia/css/site_base.css HTTP/1.1" 304 0
[23/Jan/2012 20:18:30] "GET /viewyourshelf/?u=1 HTTP/1.1" 200 2710
[23/Jan/2012 20:18:31] "GET /apply_promo/?u=1 HTTP/1.1" 200 3013
[23/Jan/2012 20:18:32] "GET /statsplot/ HTTP/1.1" 200 6482
[23/Jan/2012 20:18:33] "GET /home/ HTTP/1.1" 200 3775
[23/Jan/2012 20:18:44] "GET /shelfit/?u=http%3A%2F%2F69.120.105.217%3A8000%2Fhome%2F&t=2 HTTP/1.1" 200 297
[23/Jan/2012 20:19:22] "GET /shelfit?u=http%3A%2F%2Fwww.jcrew.com%2Fmens_category%2Fpants%2Fbowerypants%2FPRDOVR~44448%2F44448.jsp&t=1 HTTP/1.1" 301 0
[23/Jan/2012 20:19:22] "GET /shelfit/?u=http%3A%2F%2Fwww.jcrew.com%2Fmens_category%2Fpants%2Fbowerypants%2FPRDOVR~44448%2F44448.jsp&t=1 HTTP/1.1" 200 2218
[23/Jan/2012 20:21:54] "GET /shelfit/?u=http%3A%2F%2Fwww.jcrew.com%2Fmens_category%2Fpants%2Fbowerypants%2FPRDOVR~44448%2F44448.jsp&t=1 HTTP/1.1" 200 2220
[23/Jan/2012 20:22:09] "GET /viewyourshelf/detail/?u=1&s=Express HTTP/1.1" 200 2057
[23/Jan/2012 20:22:11] "GET /view_promo/ HTTP/1.1" 200 3075
[23/Jan/2012 20:33:38] "GET http://www.sharkspear.info/proxyheader.php HTTP/1.1" 404 1780
Traceback (most recent call last):
  File "/usr/lib/python2.7/SocketServer.py", line 284, in _handle_request_noblock
    self.process_request(request, client_address)
  File "/usr/lib/python2.7/SocketServer.py", line 310, in process_request
    self.finish_request(request, client_address)
  File "/usr/lib/python2.7/SocketServer.py", line 323, in finish_request
    self.RequestHandlerClass(request, client_address, self)
  File "/usr/lib/pymodules/python2.7/django/core/servers/basehttp.py", line 562, in __init__
    BaseHTTPRequestHandler.__init__(self, *args, **kwargs)
  File "/usr/lib/python2.7/SocketServer.py", line 639, in __init__
    self.handle()
  File "/usr/lib/pymodules/python2.7/django/core/servers/basehttp.py", line 602, in handle
    self.raw_requestline = self.rfile.readline()
  File "/usr/lib/python2.7/socket.py", line 447, in readline
    data = self._sock.recv(self._rbufsize)
error: [Errno 104] Connection reset by peer
Traceback (most recent call last):
  File "/usr/lib/python2.7/SocketServer.py", line 284, in _handle_request_noblock
    self.process_request(request, client_address)
  File "/usr/lib/python2.7/SocketServer.py", line 310, in process_request
    self.finish_request(request, client_address)
  File "/usr/lib/python2.7/SocketServer.py", line 323, in finish_request
    self.RequestHandlerClass(request, client_address, self)
  File "/usr/lib/pymodules/python2.7/django/core/servers/basehttp.py", line 562, in __init__
    BaseHTTPRequestHandler.__init__(self, *args, **kwargs)
  File "/usr/lib/python2.7/SocketServer.py", line 639, in __init__
    self.handle()
  File "/usr/lib/pymodules/python2.7/django/core/servers/basehttp.py", line 602, in handle
    self.raw_requestline = self.rfile.readline()
  File "/usr/lib/python2.7/socket.py", line 447, in readline
    data = self._sock.recv(self._rbufsize)
error: [Errno 104] Connection reset by peer
